#
# A fatal error has been detected by the Java Runtime Environment:
#
#  Internal Error (./open/src/hotspot/share/interpreter/oopMapCache.cpp:111), pid=14116, tid=1652
#  Error: ShouldNotReachHere()
#
# JRE version: OpenJDK Runtime Environment (15.0.2+7) (build 15.0.2+7-27)
# Java VM: OpenJDK 64-Bit Server VM (15.0.2+7-27, mixed mode, tiered, compressed oops, g1 gc, windows-amd64)
# No core dump will be written. Minidumps are not enabled by default on client versions of Windows
#
# If you would like to submit a bug report, please visit:
#   https://bugreport.java.com/bugreport/crash.jsp
#

---------------  S U M M A R Y ------------

Command Line: -XX:+ShowCodeDetailsInExceptionMessages -agentlib:jdwp=transport=dt_socket,suspend=y,address=localhost:51592 -ea -javaagent:C:\Users\gasto\eclipse\java-2021-03\eclipse\configuration\org.eclipse.osgi\222\0\.cp\lib\javaagent-shaded.jar -Dfile.encoding=Cp1252 org.eclipse.jdt.internal.junit.runner.RemoteTestRunner -version 3 -port 51591 -testLoaderClass org.eclipse.jdt.internal.junit4.runner.JUnit4TestLoader -loaderpluginname org.eclipse.jdt.junit4.runtime -classNames cucumberOptions.TestRunner

Host: AMD Ryzen 5 2600X Six-Core Processor           , 12 cores, 15G,  Windows 10 , 64 bit Build 19041 (10.0.19041.1023)
Time: Thu Jul 29 14:23:19 2021 Montevideo Standard Time elapsed time: 554.859112 seconds (0d 0h 9m 14s)

---------------  T H R E A D  ---------------

Current thread (0x000002b83887d080):  JavaThread "JDWP Transport Listener: dt_socket" daemon [_thread_in_vm, id=1652, stack(0x000000d05fc00000,0x000000d05fd00000)] _threads_hazard_ptr=0x000002b839a30d80

Stack: [0x000000d05fc00000,0x000000d05fd00000]
Native frames: (J=compiled Java code, j=interpreted, Vv=VM code, C=native code)
V  [jvm.dll+0x62ae9a]
V  [jvm.dll+0x7817a9]
V  [jvm.dll+0x782f03]
V  [jvm.dll+0x783517]
V  [jvm.dll+0x21628c]
V  [jvm.dll+0x2161d3]
V  [jvm.dll+0x619eea]
V  [jvm.dll+0x619ba3]
V  [jvm.dll+0x5df278]
V  [jvm.dll+0x77876f]
V  [jvm.dll+0x4f02e1]
V  [jvm.dll+0x7882b5]
V  [jvm.dll+0x4d40ea]
V  [jvm.dll+0x49526b]
C  [jdwp.dll+0x796b]


---------------  P R O C E S S  ---------------

Threads class SMR info:
_java_thread_list=0x000002b839a30d80, length=19, elements={
0x000002b81698d4d0, 0x000002b838585020, 0x000002b838586180, 0x000002b8385a9330,
0x000002b8385abc00, 0x000002b8385aec70, 0x000002b8385b5cb0, 0x000002b8385b6d50,
0x000002b8385c7e10, 0x000002b83875a0a0, 0x000002b83887d080, 0x000002b838d687f0,
0x000002b8388fe200, 0x000002b8391170a0, 0x000002b83939bf30, 0x000002b839b966c0,
0x000002b83cf2a970, 0x000002b83cbee4f0, 0x000002b83c9ea9d0
}

Java Threads: ( => current thread )
  0x000002b81698d4d0 JavaThread "main" [_thread_blocked, id=1976, stack(0x000000d05ec00000,0x000000d05ed00000)]
  0x000002b838585020 JavaThread "Reference Handler" daemon [_thread_blocked, id=5404, stack(0x000000d05f300000,0x000000d05f400000)]
  0x000002b838586180 JavaThread "Finalizer" daemon [_thread_blocked, id=2912, stack(0x000000d05f400000,0x000000d05f500000)]
  0x000002b8385a9330 JavaThread "Signal Dispatcher" daemon [_thread_blocked, id=16740, stack(0x000000d05f500000,0x000000d05f600000)]
  0x000002b8385abc00 JavaThread "Attach Listener" daemon [_thread_blocked, id=13980, stack(0x000000d05f600000,0x000000d05f700000)]
  0x000002b8385aec70 JavaThread "Service Thread" daemon [_thread_blocked, id=16684, stack(0x000000d05f700000,0x000000d05f800000)]
  0x000002b8385b5cb0 JavaThread "C2 CompilerThread0" daemon [_thread_blocked, id=17828, stack(0x000000d05f800000,0x000000d05f900000)]
  0x000002b8385b6d50 JavaThread "C1 CompilerThread0" daemon [_thread_blocked, id=17932, stack(0x000000d05f900000,0x000000d05fa00000)]
  0x000002b8385c7e10 JavaThread "Sweeper thread" daemon [_thread_blocked, id=1372, stack(0x000000d05fa00000,0x000000d05fb00000)]
  0x000002b83875a0a0 JavaThread "Common-Cleaner" daemon [_thread_blocked, id=12904, stack(0x000000d05fb00000,0x000000d05fc00000)]
=>0x000002b83887d080 JavaThread "JDWP Transport Listener: dt_socket" daemon [_thread_in_vm, id=1652, stack(0x000000d05fc00000,0x000000d05fd00000)] _threads_hazard_ptr=0x000002b839a30d80
  0x000002b838d687f0 JavaThread "JDWP Event Helper Thread" daemon [_thread_blocked, id=13292, stack(0x000000d05fd00000,0x000000d05fe00000)]
  0x000002b8388fe200 JavaThread "JDWP Command Reader" daemon [_thread_in_native, id=8004, stack(0x000000d05fe00000,0x000000d05ff00000)]
  0x000002b8391170a0 JavaThread "Notification Thread" daemon [_thread_blocked, id=10168, stack(0x000000d060000000,0x000000d060100000)]
  0x000002b83939bf30 JavaThread "ReaderThread" [_thread_in_native, id=15972, stack(0x000000d060200000,0x000000d060300000)]
  0x000002b839b966c0 JavaThread "Exec Default Executor" daemon [_thread_in_native, id=8168, stack(0x000000d060b00000,0x000000d060c00000)]
  0x000002b83cf2a970 JavaThread "Exec Stream Pumper" daemon [_thread_in_native, id=8592, stack(0x000000d060d00000,0x000000d060e00000)]
  0x000002b83cbee4f0 JavaThread "Exec Stream Pumper" daemon [_thread_in_native, id=13560, stack(0x000000d060e00000,0x000000d060f00000)]
  0x000002b83c9ea9d0 JavaThread "Okio Watchdog" daemon [_thread_blocked, id=16276, stack(0x000000d061100000,0x000000d061200000)]

Other Threads:
  0x000002b83854f100 VMThread "VM Thread" [stack: 0x000000d05f200000,0x000000d05f300000] [id=12160]
  0x000002b81698e590 WatcherThread [stack: 0x000000d060100000,0x000000d060200000] [id=1012]
  0x000002b8169e0390 GCTaskThread "GC Thread#0" [stack: 0x000000d05ed00000,0x000000d05ee00000] [id=14348]
  0x000002b8394451f0 GCTaskThread "GC Thread#1" [stack: 0x000000d060300000,0x000000d060400000] [id=13804]
  0x000002b839443ed0 GCTaskThread "GC Thread#2" [stack: 0x000000d060400000,0x000000d060500000] [id=15660]
  0x000002b839446840 GCTaskThread "GC Thread#3" [stack: 0x000000d060500000,0x000000d060600000] [id=2928]
  0x000002b839444200 GCTaskThread "GC Thread#4" [stack: 0x000000d060600000,0x000000d060700000] [id=2728]
  0x000002b839445850 GCTaskThread "GC Thread#5" [stack: 0x000000d060700000,0x000000d060800000] [id=9568]
  0x000002b8169f1c50 ConcurrentGCThread "G1 Main Marker" [stack: 0x000000d05ee00000,0x000000d05ef00000] [id=10504]
  0x000002b8169f3760 ConcurrentGCThread "G1 Conc#0" [stack: 0x000000d05ef00000,0x000000d05f000000] [id=16648]
  0x000002b839445eb0 ConcurrentGCThread "G1 Conc#1" [stack: 0x000000d060900000,0x000000d060a00000] [id=17372]
  0x000002b8394461e0 ConcurrentGCThread "G1 Conc#2" [stack: 0x000000d060a00000,0x000000d060b00000] [id=15872]
  0x000002b816a50b30 ConcurrentGCThread "G1 Refine#0" [stack: 0x000000d05f000000,0x000000d05f100000] [id=16796]
  0x000002b816a51640 ConcurrentGCThread "G1 Young RemSet Sampling" [stack: 0x000000d05f100000,0x000000d05f200000] [id=18332]

Threads with active compile tasks:

VM state: not at safepoint (normal execution)

VM Mutex/Monitor currently owned by a thread: None

Heap address: 0x0000000700c00000, size: 4084 MB, Compressed Oops mode: Zero based, Oop shift amount: 3
CDS disabled.
Compressed class space mapped at: 0x0000000800000000-0x0000000840000000, size: 1073741824
Narrow klass base: 0x0000000800000000, Narrow klass shift: 0, Narrow klass range: 0x40000000

GC Precious Log:
 CPUs: 12 total, 12 available
 Memory: 16334M
 Large Page Support: Disabled
 NUMA Support: Disabled
 Compressed Oops: Enabled (Zero based)
 Heap Region Size: 2M
 Heap Min Capacity: 8M
 Heap Initial Capacity: 256M
 Heap Max Capacity: 4084M
 Pre-touch: Disabled
 Parallel Workers: 10
 Concurrent Workers: 3
 Concurrent Refinement Workers: 10
 Periodic GC: Disabled

Heap:
 garbage-first heap   total 40960K, used 8953K [0x0000000700c00000, 0x0000000800000000)
  region size 2048K, 2 young (4096K), 1 survivors (2048K)
 Metaspace       used 26899K, capacity 27183K, committed 27440K, reserved 1073152K
  class space    used 2815K, capacity 2929K, committed 2944K, reserved 1048576K

Heap Regions: E=young(eden), S=young(survivor), O=old, HS=humongous(starts), HC=humongous(continues), CS=collection set, F=free, OA=open archive, CA=closed archive, TAMS=top-at-mark-start (previous, next)
|   0|0x0000000700c00000, 0x0000000700e00000, 0x0000000700e00000|100%| O|  |TAMS 0x0000000700e00000, 0x0000000700c00000| Untracked 
|   1|0x0000000700e00000, 0x0000000701000000, 0x0000000701000000|100%| O|  |TAMS 0x0000000701000000, 0x0000000700e00000| Untracked 
|   2|0x0000000701000000, 0x0000000701068000, 0x0000000701200000| 20%| O|  |TAMS 0x0000000701068000, 0x0000000701000000| Untracked 
|   3|0x0000000701200000, 0x0000000701400000, 0x0000000701400000|100%| O|  |TAMS 0x0000000701200000, 0x0000000701200000| Untracked 
|   4|0x0000000701400000, 0x0000000701497a00, 0x0000000701600000| 29%| O|  |TAMS 0x0000000701400000, 0x0000000701400000| Untracked 
|   5|0x0000000701600000, 0x0000000701600000, 0x0000000701800000|  0%| F|  |TAMS 0x0000000701600000, 0x0000000701600000| Untracked 
|   6|0x0000000701800000, 0x0000000701800000, 0x0000000701a00000|  0%| F|  |TAMS 0x0000000701800000, 0x0000000701800000| Untracked 
|   7|0x0000000701a00000, 0x0000000701a00000, 0x0000000701c00000|  0%| F|  |TAMS 0x0000000701a00000, 0x0000000701a00000| Untracked 
|   8|0x0000000701c00000, 0x0000000701c00000, 0x0000000701e00000|  0%| F|  |TAMS 0x0000000701c00000, 0x0000000701c00000| Untracked 
|   9|0x0000000701e00000, 0x0000000701fbeb88, 0x0000000702000000| 87%| S|CS|TAMS 0x0000000701e00000, 0x0000000701e00000| Complete 
|  10|0x0000000702000000, 0x0000000702000000, 0x0000000702200000|  0%| F|  |TAMS 0x0000000702000000, 0x0000000702000000| Untracked 
|  11|0x0000000702200000, 0x0000000702200000, 0x0000000702400000|  0%| F|  |TAMS 0x0000000702200000, 0x0000000702200000| Untracked 
|  12|0x0000000702400000, 0x0000000702400000, 0x0000000702600000|  0%| F|  |TAMS 0x0000000702400000, 0x0000000702400000| Untracked 
|  13|0x0000000702600000, 0x0000000702600000, 0x0000000702800000|  0%| F|  |TAMS 0x0000000702600000, 0x0000000702600000| Untracked 
|  14|0x0000000702800000, 0x0000000702800000, 0x0000000702a00000|  0%| F|  |TAMS 0x0000000702800000, 0x0000000702800000| Untracked 
|  15|0x0000000702a00000, 0x0000000702a00000, 0x0000000702c00000|  0%| F|  |TAMS 0x0000000702a00000, 0x0000000702a00000| Untracked 
|  16|0x0000000702c00000, 0x0000000702c00000, 0x0000000702e00000|  0%| F|  |TAMS 0x0000000702c00000, 0x0000000702c00000| Untracked 
| 106|0x000000070e000000, 0x000000070e000000, 0x000000070e200000|  0%| F|  |TAMS 0x000000070e000000, 0x000000070e000000| Untracked 
| 107|0x000000070e200000, 0x000000070e200000, 0x000000070e400000|  0%| F|  |TAMS 0x000000070e200000, 0x000000070e200000| Untracked 
| 127|0x0000000710a00000, 0x0000000710a7fca8, 0x0000000710c00000| 24%| E|  |TAMS 0x0000000710a00000, 0x0000000710a00000| Complete 

Card table byte_map: [0x000002b82c030000,0x000002b82c830000] _byte_map_base: 0x000002b82882a000

Marking Bits (Prev, Next): (CMBitMap*) 0x000002b8169e0b50, (CMBitMap*) 0x000002b8169e0b10
 Prev Bits: [0x000002b831000000, 0x000002b834fd0000)
 Next Bits: [0x000002b82d030000, 0x000002b831000000)

Polling page: 0x000002b816a60000

Metaspace:

Usage:
  Non-class:     23.69 MB capacity,    23.52 MB (>99%) used,   138.48 KB ( <1%) free+waste,    31.62 KB ( <1%) overhead. 
      Class:      2.86 MB capacity,     2.75 MB ( 96%) used,   102.15 KB (  3%) free+waste,    11.12 KB ( <1%) overhead. 
       Both:     26.55 MB capacity,    26.27 MB ( 99%) used,   240.63 KB ( <1%) free+waste,    42.75 KB ( <1%) overhead. 

Virtual space:
  Non-class space:       24.00 MB reserved,      23.92 MB (>99%) committed 
      Class space:        1.00 GB reserved,       2.88 MB ( <1%) committed 
             Both:        1.02 GB reserved,      26.80 MB (  3%) committed 

Chunk freelists:
   Non-Class:  50.00 KB
       Class:  15.00 KB
        Both:  65.00 KB

MaxMetaspaceSize: 17179869184.00 GB
CompressedClassSpaceSize: 1.00 GB

CodeHeap 'non-profiled nmethods': size=120000Kb used=1452Kb max_used=1452Kb free=118547Kb
 bounds [0x000002b823680000, 0x000002b8238f0000, 0x000002b82abb0000]
CodeHeap 'profiled nmethods': size=120000Kb used=5159Kb max_used=5159Kb free=114841Kb
 bounds [0x000002b81c150000, 0x000002b81c660000, 0x000002b823680000]
CodeHeap 'non-nmethods': size=5760Kb used=1306Kb max_used=1361Kb free=4453Kb
 bounds [0x000002b81bbb0000, 0x000002b81be20000, 0x000002b81c150000]
 total_blobs=3030 nmethods=2539 adapters=403
 compilation: enabled
              stopped_count=0, restarted_count=0
 full_count=0

Compilation events (20 events):
Event: 15.894 Thread 0x000002b8385b6d50 2530       3       java.lang.String::getBytes (44 bytes)
Event: 15.894 Thread 0x000002b8385b6d50 nmethod 2530 0x000002b81c654e10 code [0x000002b81c654fe0, 0x000002b81c6552d8]
Event: 15.895 Thread 0x000002b8385b6d50 2531       3       java.lang.String::codePointAt (50 bytes)
Event: 15.895 Thread 0x000002b8385b6d50 nmethod 2531 0x000002b81c655410 code [0x000002b81c6555e0, 0x000002b81c655988]
Event: 15.895 Thread 0x000002b8385b6d50 2533       3       java.lang.StringBuilder::append (8 bytes)
Event: 15.895 Thread 0x000002b8385b6d50 nmethod 2533 0x000002b81c655b90 code [0x000002b81c655d40, 0x000002b81c655e88]
Event: 15.895 Thread 0x000002b8385b6d50 2532       3       com.google.common.collect.Sets$ImprovedAbstractSet::<init> (5 bytes)
Event: 15.895 Thread 0x000002b8385b6d50 nmethod 2532 0x000002b81c655f10 code [0x000002b81c6560c0, 0x000002b81c6562d8]
Event: 15.896 Thread 0x000002b8385b6d50 2534       3       okio.Buffer::indexOf (310 bytes)
Event: 15.896 Thread 0x000002b8385b5cb0 2537       4       java.util.regex.Pattern$BitClass::is (22 bytes)
Event: 15.897 Thread 0x000002b8385b5cb0 nmethod 2537 0x000002b8237eab10 code [0x000002b8237eaca0, 0x000002b8237ead78]
Event: 15.897 Thread 0x000002b8385b6d50 nmethod 2534 0x000002b81c656410 code [0x000002b81c656740, 0x000002b81c657cd8]
Event: 15.897 Thread 0x000002b8385b6d50 2538       3       java.lang.AbstractStringBuilder::append (77 bytes)
Event: 15.898 Thread 0x000002b8385b6d50 nmethod 2538 0x000002b81c658490 code [0x000002b81c6586a0, 0x000002b81c658d48]
Event: 15.898 Thread 0x000002b8385b6d50 2536       3       okhttp3.Headers::get (33 bytes)
Event: 15.898 Thread 0x000002b8385b6d50 nmethod 2536 0x000002b81c658f90 code [0x000002b81c659140, 0x000002b81c6593e8]
Event: 15.898 Thread 0x000002b8385b6d50 2535       3       okhttp3.Headers::get (9 bytes)
Event: 15.898 Thread 0x000002b8385b6d50 nmethod 2535 0x000002b81c659590 code [0x000002b81c659760, 0x000002b81c659a88]
Event: 404.420 Thread 0x000002b8385b5cb0 2539       4       org.eclipse.jdt.launching.internal.org.objectweb.asm.ClassWriter::visitEnd (1 bytes)
Event: 404.420 Thread 0x000002b8385b5cb0 nmethod 2539 0x000002b8237eae90 code [0x000002b8237eb000, 0x000002b8237eb058]

GC Heap History (12 events):
Event: 0.672 GC heap before
{Heap before GC invocations=0 (full 0):
 garbage-first heap   total 262144K, used 22528K [0x0000000700c00000, 0x0000000800000000)
  region size 2048K, 11 young (22528K), 0 survivors (0K)
 Metaspace       used 12586K, capacity 12756K, committed 13056K, reserved 1060864K
  class space    used 1179K, capacity 1223K, committed 1280K, reserved 1048576K
}
Event: 0.675 GC heap after
{Heap after GC invocations=1 (full 0):
 garbage-first heap   total 262144K, used 4722K [0x0000000700c00000, 0x0000000800000000)
  region size 2048K, 2 young (4096K), 2 survivors (4096K)
 Metaspace       used 12586K, capacity 12756K, committed 13056K, reserved 1060864K
  class space    used 1179K, capacity 1223K, committed 1280K, reserved 1048576K
}
Event: 0.915 GC heap before
{Heap before GC invocations=1 (full 0):
 garbage-first heap   total 262144K, used 33394K [0x0000000700c00000, 0x0000000800000000)
  region size 2048K, 16 young (32768K), 2 survivors (4096K)
 Metaspace       used 15935K, capacity 16137K, committed 16256K, reserved 1064960K
  class space    used 1480K, capacity 1561K, committed 1664K, reserved 1048576K
}
Event: 0.918 GC heap after
{Heap after GC invocations=2 (full 0):
 garbage-first heap   total 262144K, used 5333K [0x0000000700c00000, 0x0000000800000000)
  region size 2048K, 1 young (2048K), 1 survivors (2048K)
 Metaspace       used 15935K, capacity 16137K, committed 16256K, reserved 1064960K
  class space    used 1480K, capacity 1561K, committed 1664K, reserved 1048576K
}
Event: 1.349 GC heap before
{Heap before GC invocations=2 (full 0):
 garbage-first heap   total 262144K, used 42197K [0x0000000700c00000, 0x0000000800000000)
  region size 2048K, 20 young (40960K), 1 survivors (2048K)
 Metaspace       used 20967K, capacity 21176K, committed 21296K, reserved 1069056K
  class space    used 2082K, capacity 2167K, committed 2176K, reserved 1048576K
}
Event: 1.352 GC heap after
{Heap after GC invocations=3 (full 0):
 garbage-first heap   total 262144K, used 7233K [0x0000000700c00000, 0x0000000800000000)
  region size 2048K, 2 young (4096K), 2 survivors (4096K)
 Metaspace       used 20967K, capacity 21176K, committed 21296K, reserved 1069056K
  class space    used 2082K, capacity 2167K, committed 2176K, reserved 1048576K
}
Event: 2.050 GC heap before
{Heap before GC invocations=4 (full 0):
 garbage-first heap   total 40960K, used 27713K [0x0000000700c00000, 0x0000000800000000)
  region size 2048K, 12 young (24576K), 2 survivors (4096K)
 Metaspace       used 23496K, capacity 23724K, committed 23984K, reserved 1071104K
  class space    used 2418K, capacity 2503K, committed 2560K, reserved 1048576K
}
Event: 2.053 GC heap after
{Heap after GC invocations=5 (full 0):
 garbage-first heap   total 40960K, used 8210K [0x0000000700c00000, 0x0000000800000000)
  region size 2048K, 1 young (2048K), 1 survivors (2048K)
 Metaspace       used 23496K, capacity 23724K, committed 23984K, reserved 1071104K
  class space    used 2418K, capacity 2503K, committed 2560K, reserved 1048576K
}
Event: 2.717 GC heap before
{Heap before GC invocations=5 (full 0):
 garbage-first heap   total 40960K, used 22546K [0x0000000700c00000, 0x0000000800000000)
  region size 2048K, 9 young (18432K), 1 survivors (2048K)
 Metaspace       used 25852K, capacity 26129K, committed 26288K, reserved 1073152K
  class space    used 2693K, capacity 2792K, committed 2816K, reserved 1048576K
}
Event: 2.719 GC heap after
{Heap after GC invocations=6 (full 0):
 garbage-first heap   total 40960K, used 8621K [0x0000000700c00000, 0x0000000800000000)
  region size 2048K, 1 young (2048K), 1 survivors (2048K)
 Metaspace       used 25852K, capacity 26129K, committed 26288K, reserved 1073152K
  class space    used 2693K, capacity 2792K, committed 2816K, reserved 1048576K
}
Event: 427.716 GC heap before
{Heap before GC invocations=6 (full 0):
 garbage-first heap   total 40960K, used 27053K [0x0000000700c00000, 0x0000000800000000)
  region size 2048K, 10 young (20480K), 1 survivors (2048K)
 Metaspace       used 26869K, capacity 27151K, committed 27440K, reserved 1073152K
  class space    used 2811K, capacity 2897K, committed 2944K, reserved 1048576K
}
Event: 427.718 GC heap after
{Heap after GC invocations=7 (full 0):
 garbage-first heap   total 40960K, used 8953K [0x0000000700c00000, 0x0000000800000000)
  region size 2048K, 1 young (2048K), 1 survivors (2048K)
 Metaspace       used 26869K, capacity 27151K, committed 27440K, reserved 1073152K
  class space    used 2811K, capacity 2897K, committed 2944K, reserved 1048576K
}

Deoptimization events (20 events):
Event: 15.848 Thread 0x000002b81698d4d0 DEOPT PACKING pc=0x000002b81c632bac sp=0x000000d05ecfc7e0
Event: 15.848 Thread 0x000002b81698d4d0 DEOPT UNPACKING pc=0x000002b81bbfe23f sp=0x000000d05ecfbd30 mode 1
Event: 15.848 Thread 0x000002b81698d4d0 DEOPT PACKING pc=0x000002b81c645044 sp=0x000000d05ecfc8f0
Event: 15.848 Thread 0x000002b81698d4d0 DEOPT UNPACKING pc=0x000002b81bbfe23f sp=0x000000d05ecfbe00 mode 1
Event: 15.848 Thread 0x000002b81698d4d0 DEOPT PACKING pc=0x000002b81c632bac sp=0x000000d05ecfc8e0
Event: 15.848 Thread 0x000002b81698d4d0 DEOPT UNPACKING pc=0x000002b81bbfe23f sp=0x000000d05ecfbe30 mode 1
Event: 15.848 Thread 0x000002b81698d4d0 DEOPT PACKING pc=0x000002b81c645044 sp=0x000000d05ecfc9f0
Event: 15.848 Thread 0x000002b81698d4d0 DEOPT UNPACKING pc=0x000002b81bbfe23f sp=0x000000d05ecfbf00 mode 1
Event: 15.848 Thread 0x000002b81698d4d0 DEOPT PACKING pc=0x000002b81c632bac sp=0x000000d05ecfc860
Event: 15.848 Thread 0x000002b81698d4d0 DEOPT UNPACKING pc=0x000002b81bbfe23f sp=0x000000d05ecfbdb0 mode 1
Event: 15.848 Thread 0x000002b81698d4d0 DEOPT PACKING pc=0x000002b81c645044 sp=0x000000d05ecfc970
Event: 15.848 Thread 0x000002b81698d4d0 DEOPT UNPACKING pc=0x000002b81bbfe23f sp=0x000000d05ecfbe80 mode 1
Event: 15.848 Thread 0x000002b81698d4d0 DEOPT PACKING pc=0x000002b81c632bac sp=0x000000d05ecfc7e0
Event: 15.848 Thread 0x000002b81698d4d0 DEOPT UNPACKING pc=0x000002b81bbfe23f sp=0x000000d05ecfbd30 mode 1
Event: 15.848 Thread 0x000002b81698d4d0 DEOPT PACKING pc=0x000002b81c645044 sp=0x000000d05ecfc8f0
Event: 15.848 Thread 0x000002b81698d4d0 DEOPT UNPACKING pc=0x000002b81bbfe23f sp=0x000000d05ecfbe00 mode 1
Event: 15.848 Thread 0x000002b81698d4d0 Uncommon trap: trap_request=0xffffff45 fr.pc=0x000002b8236b8f44 relative=0x0000000000000604
Event: 15.848 Thread 0x000002b81698d4d0 Uncommon trap: reason=unstable_if action=reinterpret pc=0x000002b8236b8f44 method=java.lang.AbstractStringBuilder.putStringAt(ILjava/lang/String;)V @ 8 c2
Event: 15.848 Thread 0x000002b81698d4d0 DEOPT PACKING pc=0x000002b8236b8f44 sp=0x000000d05ecfc630
Event: 15.848 Thread 0x000002b81698d4d0 DEOPT UNPACKING pc=0x000002b81bbfe42f sp=0x000000d05ecfc568 mode 2

Classes unloaded (0 events):
No events

Classes redefined (10 events):
Event: 335.896 Thread 0x000002b83854f100 redefined class name=stepDefinitions.stepDefinitions, count=1
Event: 340.785 Thread 0x000002b83854f100 redefined class name=stepDefinitions.stepDefinitions, count=2
Event: 355.428 Thread 0x000002b83854f100 redefined class name=stepDefinitions.stepDefinitions, count=3
Event: 357.563 Thread 0x000002b83854f100 redefined class name=stepDefinitions.stepDefinitions, count=4
Event: 404.425 Thread 0x000002b83854f100 redefined class name=stepDefinitions.stepDefinitions, count=5
Event: 427.722 Thread 0x000002b83854f100 redefined class name=stepDefinitions.stepDefinitions, count=6
Event: 478.234 Thread 0x000002b83854f100 redefined class name=stepDefinitions.stepDefinitions, count=7
Event: 487.057 Thread 0x000002b83854f100 redefined class name=stepDefinitions.stepDefinitions, count=8
Event: 535.836 Thread 0x000002b83854f100 redefined class name=stepDefinitions.stepDefinitions, count=9
Event: 554.672 Thread 0x000002b83854f100 redefined class name=stepDefinitions.stepDefinitions, count=10

Internal exceptions (20 events):
Event: 1.362 Thread 0x000002b81698d4d0 Exception <a 'sun/nio/fs/WindowsException'{0x0000000710a2a628}> (0x0000000710a2a628) 
thrown [./open/src/hotspot/share/prims/jni.cpp, line 578]
Event: 1.373 Thread 0x000002b81698d4d0 Exception <a 'java/lang/NoSuchMethodError'{0x0000000710a6a6e8}: 'int java.lang.invoke.DirectMethodHandle$Holder.invokeStaticInit(java.lang.Object, java.lang.Object, java.lang.Object, java.lang.Object)'> (0x0000000710a6a6e8) 
thrown [./open/src/hotspot/share/interpreter/linkResolver.cpp, line 782]
Event: 1.459 Thread 0x000002b839b966c0 Exception <a 'java/lang/NoSuchMethodError'{0x00000007026259a0}: 'void java.lang.invoke.DirectMethodHandle$Holder.invokeStatic(java.lang.Object, long)'> (0x00000007026259a0) 
thrown [./open/src/hotspot/share/interpreter/linkResolver.cpp, line 782]
Event: 1.459 Thread 0x000002b839b966c0 Exception <a 'java/lang/NoSuchMethodError'{0x000000070262afd0}: 'java.lang.Object java.lang.invoke.DirectMethodHandle$Holder.newInvokeSpecial(java.lang.Object, long)'> (0x000000070262afd0) 
thrown [./open/src/hotspot/share/interpreter/linkResolver.cpp, line 782]
Event: 1.461 Thread 0x000002b839b966c0 Exception <a 'java/lang/NoSuchMethodError'{0x0000000702638a58}: 'java.lang.Object java.lang.invoke.DirectMethodHandle$Holder.invokeStaticInit(java.lang.Object, java.lang.Object, long, java.lang.Object)'> (0x0000000702638a58) 
thrown [./open/src/hotspot/share/interpreter/linkResolver.cpp, line 782]
Event: 1.461 Thread 0x000002b839b966c0 Exception <a 'java/lang/NoSuchMethodError'{0x000000070263eed8}: 'java.lang.Object java.lang.invoke.DirectMethodHandle$Holder.newInvokeSpecial(java.lang.Object, java.lang.Object, long)'> (0x000000070263eed8) 
thrown [./open/src/hotspot/share/interpreter/linkResolver.cpp, line 782]
Event: 1.461 Thread 0x000002b839b966c0 Exception <a 'java/lang/NoSuchMethodError'{0x0000000702642c48}: 'java.lang.Object java.lang.invoke.Invokers$Holder.linkToTargetMethod(java.lang.Object, long, java.lang.Object)'> (0x0000000702642c48) 
thrown [./open/src/hotspot/share/interpreter/linkResolver.cpp, line 782]
Event: 1.979 Thread 0x000002b81698d4d0 Implicit null exception at 0x000002b8236fa96e to 0x000002b8236faa90
Event: 1.984 Thread 0x000002b81698d4d0 Exception <a 'java/lang/NoSuchMethodError'{0x0000000702258230}: 'java.lang.Object java.lang.invoke.DirectMethodHandle$Holder.invokeInterface(java.lang.Object, java.lang.Object, java.lang.Object)'> (0x0000000702258230) 
thrown [./open/src/hotspot/share/interpreter/linkResolver.cpp, line 782]
Event: 1.984 Thread 0x000002b81698d4d0 Exception <a 'java/lang/IncompatibleClassChangeError'{0x000000070225c238}: Found class java.lang.Object, but interface was expected> (0x000000070225c238) 
thrown [./open/src/hotspot/share/interpreter/linkResolver.cpp, line 848]
Event: 1.985 Thread 0x000002b81698d4d0 Exception <a 'java/lang/NoSuchMethodError'{0x0000000702266228}: 'int java.lang.invoke.DirectMethodHandle$Holder.invokeSpecialIFC(java.lang.Object, java.lang.Object, java.lang.Object, java.lang.Object)'> (0x0000000702266228) 
thrown [./open/src/hotspot/share/interpreter/linkResolver.cpp, line 782]
Event: 1.986 Thread 0x000002b81698d4d0 Exception <a 'java/lang/NoSuchMethodError'{0x000000070226fd08}: 'java.lang.Object java.lang.invoke.DirectMethodHandle$Holder.invokeInterface(java.lang.Object, java.lang.Object, java.lang.Object, java.lang.Object)'> (0x000000070226fd08) 
thrown [./open/src/hotspot/share/interpreter/linkResolver.cpp, line 782]
Event: 1.989 Thread 0x000002b81698d4d0 Exception <a 'java/lang/NoSuchMethodError'{0x00000007022bb2d0}: 'java.lang.Object java.lang.invoke.DirectMethodHandle$Holder.invokeVirtual(java.lang.Object, java.lang.Object, java.lang.Object)'> (0x00000007022bb2d0) 
thrown [./open/src/hotspot/share/interpreter/linkResolver.cpp, line 782]
Event: 1.996 Thread 0x000002b81698d4d0 Exception <a 'java/lang/NoSuchMethodError'{0x00000007023edc18}: 'void java.lang.invoke.DirectMethodHandle$Holder.invokeInterface(java.lang.Object, java.lang.Object, java.lang.Object)'> (0x00000007023edc18) 
thrown [./open/src/hotspot/share/interpreter/linkResolver.cpp, line 782]
Event: 2.004 Thread 0x000002b81698d4d0 Exception <a 'java/lang/NoSuchMethodError'{0x0000000702106a48}: 'double java.lang.invoke.DirectMethodHandle$Holder.invokeVirtual(java.lang.Object, java.lang.Object)'> (0x0000000702106a48) 
thrown [./open/src/hotspot/share/interpreter/linkResolver.cpp, line 782]
Event: 2.005 Thread 0x000002b81698d4d0 Exception <a 'java/lang/NoSuchMethodError'{0x000000070210d630}: 'float java.lang.invoke.DirectMethodHandle$Holder.invokeVirtual(java.lang.Object, java.lang.Object)'> (0x000000070210d630) 
thrown [./open/src/hotspot/share/interpreter/linkResolver.cpp, line 782]
Event: 2.005 Thread 0x000002b81698d4d0 Exception <a 'java/lang/NoSuchMethodError'{0x0000000702116e80}: 'long java.lang.invoke.DirectMethodHandle$Holder.invokeVirtual(java.lang.Object, java.lang.Object)'> (0x0000000702116e80) 
thrown [./open/src/hotspot/share/interpreter/linkResolver.cpp, line 782]
Event: 2.700 Thread 0x000002b81698d4d0 Exception <a 'java/lang/NoSuchMethodError'{0x0000000702501648}: 'java.lang.Object java.lang.invoke.DirectMethodHandle$Holder.invokeSpecialIFC(java.lang.Object, java.lang.Object, java.lang.Object)'> (0x0000000702501648) 
thrown [./open/src/hotspot/share/interpreter/linkResolver.cpp, line 782]
Event: 2.723 Thread 0x000002b81698d4d0 Exception <a 'java/lang/ClassNotFoundException'{0x0000000710a33f40}: sun/util/logging/resources/spi/loggingProvider> (0x0000000710a33f40) 
thrown [./open/src/hotspot/share/classfile/systemDictionary.cpp, line 295]
Event: 554.858 Thread 0x000002b83887d080 Exception <a 'java/lang/LinkageError'{0x0000000710a73b60}> (0x0000000710a73b60) 
thrown [./open/src/hotspot/share/oops/generateOopMap.cpp, line 2137]

Events (20 events):
Event: 535.975 Executing VM operation: get/set locals
Event: 535.975 Executing VM operation: get/set locals done
Event: 535.976 Executing VM operation: GetFrameLocation
Event: 535.976 Executing VM operation: GetFrameLocation done
Event: 535.976 Executing VM operation: get/set locals
Event: 535.976 Executing VM operation: get/set locals done
Event: 554.668 Executing VM operation: RedefineClasses
Event: 554.678 Executing VM operation: RedefineClasses done
Event: 554.685 Executing VM operation: ChangeBreakpoints
Event: 554.685 Executing VM operation: ChangeBreakpoints done
Event: 554.696 Executing VM operation: ChangeBreakpoints
Event: 554.697 Executing VM operation: ChangeBreakpoints done
Event: 554.697 Executing VM operation: GetFrameCount
Event: 554.697 Executing VM operation: GetFrameCount done
Event: 554.698 Executing VM operation: GetStackTrace
Event: 554.698 Executing VM operation: GetStackTrace done
Event: 554.850 Executing VM operation: GetFrameCount
Event: 554.850 Executing VM operation: GetFrameCount done
Event: 554.858 Executing VM operation: GetFrameLocation
Event: 554.858 Executing VM operation: GetFrameLocation done


Dynamic libraries:
0x00007ff6f9ed0000 - 0x00007ff6f9edd000 	C:\Users\gasto\.p2\pool\plugins\org.eclipse.justj.openjdk.hotspot.jre.full.win32.x86_64_15.0.2.v20210201-0955\jre\bin\javaw.exe
0x00007ffa2aff0000 - 0x00007ffa2b1e5000 	C:\WINDOWS\SYSTEM32\ntdll.dll
0x00007ffa29060000 - 0x00007ffa2911d000 	C:\WINDOWS\System32\KERNEL32.DLL
0x00007ffa28730000 - 0x00007ffa289f9000 	C:\WINDOWS\System32\KERNELBASE.dll
0x00007ffa28a00000 - 0x00007ffa28b00000 	C:\WINDOWS\System32\ucrtbase.dll
0x00007ffa15640000 - 0x00007ffa15658000 	C:\Users\gasto\.p2\pool\plugins\org.eclipse.justj.openjdk.hotspot.jre.full.win32.x86_64_15.0.2.v20210201-0955\jre\bin\jli.dll
0x00007ffa153a0000 - 0x00007ffa153b9000 	C:\Users\gasto\.p2\pool\plugins\org.eclipse.justj.openjdk.hotspot.jre.full.win32.x86_64_15.0.2.v20210201-0955\jre\bin\VCRUNTIME140.dll
0x00007ffa2ad90000 - 0x00007ffa2af30000 	C:\WINDOWS\System32\USER32.dll
0x00007ffa28b90000 - 0x00007ffa28bb2000 	C:\WINDOWS\System32\win32u.dll
0x00007ffa29f40000 - 0x00007ffa29f6a000 	C:\WINDOWS\System32\GDI32.dll
0x00007ffa27b20000 - 0x00007ffa27dba000 	C:\WINDOWS\WinSxS\amd64_microsoft.windows.common-controls_6595b64144ccf1df_6.0.19041.1110_none_60b5254171f9507e\COMCTL32.dll
0x00007ffa28c10000 - 0x00007ffa28d1b000 	C:\WINDOWS\System32\gdi32full.dll
0x00007ffa2a4e0000 - 0x00007ffa2a57e000 	C:\WINDOWS\System32\msvcrt.dll
0x00007ffa28d80000 - 0x00007ffa28e1d000 	C:\WINDOWS\System32\msvcp_win.dll
0x00007ffa29990000 - 0x00007ffa299c0000 	C:\WINDOWS\System32\IMM32.DLL
0x00007ffa1a220000 - 0x00007ffa1a22c000 	C:\Users\gasto\.p2\pool\plugins\org.eclipse.justj.openjdk.hotspot.jre.full.win32.x86_64_15.0.2.v20210201-0955\jre\bin\vcruntime140_1.dll
0x00007ff9e2500000 - 0x00007ff9e2591000 	C:\Users\gasto\.p2\pool\plugins\org.eclipse.justj.openjdk.hotspot.jre.full.win32.x86_64_15.0.2.v20210201-0955\jre\bin\msvcp140.dll
0x00007ff9dc0c0000 - 0x00007ff9dcc1e000 	C:\Users\gasto\.p2\pool\plugins\org.eclipse.justj.openjdk.hotspot.jre.full.win32.x86_64_15.0.2.v20210201-0955\jre\bin\server\jvm.dll
0x00007ffa29a20000 - 0x00007ffa29acc000 	C:\WINDOWS\System32\ADVAPI32.dll
0x00007ffa29ad0000 - 0x00007ffa29b6b000 	C:\WINDOWS\System32\sechost.dll
0x00007ffa29120000 - 0x00007ffa2924a000 	C:\WINDOWS\System32\RPCRT4.dll
0x00007ffa2a160000 - 0x00007ffa2a168000 	C:\WINDOWS\System32\PSAPI.DLL
0x00007ffa21f00000 - 0x00007ffa21f27000 	C:\WINDOWS\SYSTEM32\WINMM.dll
0x00007ffa255a0000 - 0x00007ffa255aa000 	C:\WINDOWS\SYSTEM32\VERSION.dll
0x00007ffa237e0000 - 0x00007ffa237e9000 	C:\WINDOWS\SYSTEM32\WSOCK32.dll
0x00007ffa29b70000 - 0x00007ffa29bdb000 	C:\WINDOWS\System32\WS2_32.dll
0x00007ffa259b0000 - 0x00007ffa259c2000 	C:\WINDOWS\SYSTEM32\kernel.appcore.dll
0x00007ffa1f820000 - 0x00007ffa1f82a000 	C:\Users\gasto\.p2\pool\plugins\org.eclipse.justj.openjdk.hotspot.jre.full.win32.x86_64_15.0.2.v20210201-0955\jre\bin\jimage.dll
0x00007ffa28160000 - 0x00007ffa28344000 	C:\WINDOWS\SYSTEM32\DBGHELP.DLL
0x00007ffa27f10000 - 0x00007ffa27f3c000 	C:\WINDOWS\SYSTEM32\dbgcore.DLL
0x00007ffa28b00000 - 0x00007ffa28b83000 	C:\WINDOWS\System32\bcryptPrimitives.dll
0x00007ffa00c90000 - 0x00007ffa00cc9000 	C:\Users\gasto\.p2\pool\plugins\org.eclipse.justj.openjdk.hotspot.jre.full.win32.x86_64_15.0.2.v20210201-0955\jre\bin\jdwp.dll
0x00007ffa180d0000 - 0x00007ffa180de000 	C:\Users\gasto\.p2\pool\plugins\org.eclipse.justj.openjdk.hotspot.jre.full.win32.x86_64_15.0.2.v20210201-0955\jre\bin\instrument.dll
0x00007ffa1a3f0000 - 0x00007ffa1a415000 	C:\Users\gasto\.p2\pool\plugins\org.eclipse.justj.openjdk.hotspot.jre.full.win32.x86_64_15.0.2.v20210201-0955\jre\bin\java.dll
0x00007ffa1f5c0000 - 0x00007ffa1f5d8000 	C:\Users\gasto\.p2\pool\plugins\org.eclipse.justj.openjdk.hotspot.jre.full.win32.x86_64_15.0.2.v20210201-0955\jre\bin\zip.dll
0x00007ffa29250000 - 0x00007ffa2998f000 	C:\WINDOWS\System32\SHELL32.dll
0x00007ffa25bb0000 - 0x00007ffa26341000 	C:\WINDOWS\SYSTEM32\windows.storage.dll
0x00007ffa29be0000 - 0x00007ffa29f35000 	C:\WINDOWS\System32\combase.dll
0x00007ffa27ab0000 - 0x00007ffa27adc000 	C:\WINDOWS\SYSTEM32\Wldp.dll
0x00007ffa2a170000 - 0x00007ffa2a21e000 	C:\WINDOWS\System32\SHCORE.dll
0x00007ffa2a480000 - 0x00007ffa2a4d5000 	C:\WINDOWS\System32\shlwapi.dll
0x00007ffa28670000 - 0x00007ffa2868f000 	C:\WINDOWS\SYSTEM32\profapi.dll
0x00007ffa16de0000 - 0x00007ffa16deb000 	C:\Users\gasto\.p2\pool\plugins\org.eclipse.justj.openjdk.hotspot.jre.full.win32.x86_64_15.0.2.v20210201-0955\jre\bin\dt_socket.dll
0x00007ffa27500000 - 0x00007ffa2753b000 	C:\WINDOWS\SYSTEM32\IPHLPAPI.DLL
0x00007ffa27940000 - 0x00007ffa279aa000 	C:\WINDOWS\system32\mswsock.dll
0x00007ffa27540000 - 0x00007ffa2760c000 	C:\WINDOWS\SYSTEM32\DNSAPI.dll
0x00007ffa2a340000 - 0x00007ffa2a348000 	C:\WINDOWS\System32\NSI.dll
0x00007ffa1fef0000 - 0x00007ffa1fefa000 	C:\Windows\System32\rasadhlp.dll
0x00007ffa1f4a0000 - 0x00007ffa1f51f000 	C:\WINDOWS\System32\fwpuclnt.dll
0x00007ffa29030000 - 0x00007ffa29057000 	C:\WINDOWS\System32\bcrypt.dll
0x00007ffa1f360000 - 0x00007ffa1f379000 	C:\Users\gasto\.p2\pool\plugins\org.eclipse.justj.openjdk.hotspot.jre.full.win32.x86_64_15.0.2.v20210201-0955\jre\bin\net.dll
0x00007ffa1de90000 - 0x00007ffa1df9a000 	C:\WINDOWS\SYSTEM32\WINHTTP.dll
0x00007ffa1f0f0000 - 0x00007ffa1f102000 	C:\Users\gasto\.p2\pool\plugins\org.eclipse.justj.openjdk.hotspot.jre.full.win32.x86_64_15.0.2.v20210201-0955\jre\bin\nio.dll
0x00007ffa1bc40000 - 0x00007ffa1bc50000 	C:\Users\gasto\.p2\pool\plugins\org.eclipse.justj.openjdk.hotspot.jre.full.win32.x86_64_15.0.2.v20210201-0955\jre\bin\verify.dll
0x00007ffa22340000 - 0x00007ffa22357000 	C:\WINDOWS\SYSTEM32\dhcpcsvc6.DLL
0x00007ffa22320000 - 0x00007ffa2233d000 	C:\WINDOWS\SYSTEM32\dhcpcsvc.DLL
0x00007ffa284c0000 - 0x00007ffa284d8000 	C:\WINDOWS\SYSTEM32\CRYPTSP.dll
0x00007ffa271d0000 - 0x00007ffa27204000 	C:\WINDOWS\system32\rsaenh.dll
0x00007ffa285f0000 - 0x00007ffa2861e000 	C:\WINDOWS\SYSTEM32\USERENV.dll
0x00007ffa278e0000 - 0x00007ffa278ec000 	C:\WINDOWS\SYSTEM32\CRYPTBASE.dll
0x00007ffa1bc30000 - 0x00007ffa1bc3d000 	C:\Users\gasto\.p2\pool\plugins\org.eclipse.justj.openjdk.hotspot.jre.full.win32.x86_64_15.0.2.v20210201-0955\jre\bin\sunmscapi.dll
0x00007ffa28e20000 - 0x00007ffa28f7f000 	C:\WINDOWS\System32\CRYPT32.dll
0x00007ffa27dc0000 - 0x00007ffa27de7000 	C:\WINDOWS\SYSTEM32\ncrypt.dll
0x00007ffa27ae0000 - 0x00007ffa27b1b000 	C:\WINDOWS\SYSTEM32\NTASN1.dll

dbghelp: loaded successfully - version: 4.0.5 - missing functions: none
symbol engine: initialized successfully - sym options: 0x614 - pdb path: .;C:\Users\gasto\.p2\pool\plugins\org.eclipse.justj.openjdk.hotspot.jre.full.win32.x86_64_15.0.2.v20210201-0955\jre\bin;C:\WINDOWS\SYSTEM32;C:\WINDOWS\WinSxS\amd64_microsoft.windows.common-controls_6595b64144ccf1df_6.0.19041.1110_none_60b5254171f9507e;C:\Users\gasto\.p2\pool\plugins\org.eclipse.justj.openjdk.hotspot.jre.full.win32.x86_64_15.0.2.v20210201-0955\jre\bin\server

VM Arguments:
jvm_args: -XX:+ShowCodeDetailsInExceptionMessages -agentlib:jdwp=transport=dt_socket,suspend=y,address=localhost:51592 -ea -javaagent:C:\Users\gasto\eclipse\java-2021-03\eclipse\configuration\org.eclipse.osgi\222\0\.cp\lib\javaagent-shaded.jar -Dfile.encoding=Cp1252 
java_command: org.eclipse.jdt.internal.junit.runner.RemoteTestRunner -version 3 -port 51591 -testLoaderClass org.eclipse.jdt.internal.junit4.runner.JUnit4TestLoader -loaderpluginname org.eclipse.jdt.junit4.runtime -classNames cucumberOptions.TestRunner
java_class_path (initial): C:\Users\gasto\Desktop\TCS\Ejercicio1\target\test-classes;C:\Users\gasto\Desktop\TCS\Ejercicio1\target\classes;C:\Users\gasto\.p2\pool\plugins\org.junit_4.13.0.v20200204-1500.jar;C:\Users\gasto\.p2\pool\plugins\org.hamcrest.core_1.3.0.v20180420-1519.jar;C:\Users\gasto\.p2\pool\plugins\org.testng_7.4.0.r202105021533.jar;C:\Users\gasto\.p2\pool\plugins\com.beust.jcommander_1.78.0.jar;C:\Users\gasto\.p2\pool\plugins\org.apache-extras.beanshell.bsh_2.0.0.b6.jar;C:\Users\gasto\.p2\pool\plugins\org.yaml.snakeyaml_1.21.0.jar;C:\Users\gasto\.p2\pool\plugins\org.webjars.jquery_3.5.1.jar;C:\Users\gasto\.m2\repository\junit\junit\4.13.2\junit-4.13.2.jar;C:\Users\gasto\.m2\repository\org\hamcrest\hamcrest-core\1.3\hamcrest-core-1.3.jar;C:\Users\gasto\.m2\repository\io\cucumber\cucumber-java\6.10.4\cucumber-java-6.10.4.jar;C:\Users\gasto\.m2\repository\io\cucumber\cucumber-core\6.10.4\cucumber-core-6.10.4.jar;C:\Users\gasto\.m2\repository\io\cucumber\cucumber-gherkin-messages\6.10.4\cucumber-gherkin-messages-6.10.4.jar;C:\Users\gasto\.m2\repository\io\cucumber\messages\15.0.0\messages-15.0.0.jar;C:\Users\gasto\.m2\repository\io\cucumber\tag-expressions\3.0.1\tag-expressions-3.0.1.jar;C:\Users\gasto\.m2\repository\io\cucumber\cucumber-expressions\10.3.0\cucumber-expressions-10.3.0.jar;C:\Users\gasto\.m2\repository\io\cucumber\datatable\3.5.0\datatable-3.5.0.jar;C:\Users\gasto\.m2\repository\io\cucumber\docstring\6.10.4\docstring-6.10.4.jar;C:\Users\gasto\.m2\repository\io\cucumber\html-formatter\13.0.0\html-formatter-13.0.0.jar;C:\Users\gasto\.m2\repository\io\cucumber\create-meta\4.0.0\create-meta-4.0.0.jar;C:\Users\gasto\.m2\repository\org\apiguardian\apiguardian-api\1.1.1\apiguardian-api-1.1.1.jar;C:\Users\gasto\.m2\repository\io\cucumber\cucumber-testng\6.10.4\cucumber-testng-6.10.4.jar;C:\Users\gasto\.m2\repository\io\cucumber\cucumber-junit\6.10.4\cucumber-junit-6.10.4.jar;C:\Users\gasto\.m2\repository\io\cucumber\cucumber-gherkin\6.10.4\cucumbe
Launcher Type: SUN_STANDARD

[Global flags]
     intx CICompilerCount                          = 4                                         {product} {ergonomic}
     uint ConcGCThreads                            = 3                                         {product} {ergonomic}
     uint G1ConcRefinementThreads                  = 10                                        {product} {ergonomic}
   size_t G1HeapRegionSize                         = 2097152                                   {product} {ergonomic}
    uintx GCDrainStackTargetSize                   = 64                                        {product} {ergonomic}
   size_t InitialHeapSize                          = 268435456                                 {product} {ergonomic}
   size_t MarkStackSize                            = 4194304                                   {product} {ergonomic}
   size_t MaxHeapSize                              = 4282384384                                {product} {ergonomic}
   size_t MaxNewSize                               = 2569011200                                {product} {ergonomic}
   size_t MinHeapDeltaBytes                        = 2097152                                   {product} {ergonomic}
   size_t MinHeapSize                              = 8388608                                   {product} {ergonomic}
    uintx NonNMethodCodeHeapSize                   = 5839372                                {pd product} {ergonomic}
    uintx NonProfiledCodeHeapSize                  = 122909434                              {pd product} {ergonomic}
    uintx ProfiledCodeHeapSize                     = 122909434                              {pd product} {ergonomic}
    uintx ReservedCodeCacheSize                    = 251658240                              {pd product} {ergonomic}
     bool SegmentedCodeCache                       = true                                      {product} {ergonomic}
     bool ShowCodeDetailsInExceptionMessages       = true                                   {manageable} {command line}
   size_t SoftMaxHeapSize                          = 4282384384                             {manageable} {ergonomic}
     bool UseCompressedClassPointers               = true                                 {lp64_product} {ergonomic}
     bool UseCompressedOops                        = true                                 {lp64_product} {ergonomic}
     bool UseG1GC                                  = true                                      {product} {ergonomic}
     bool UseLargePagesIndividualAllocation        = false                                  {pd product} {ergonomic}

Logging:
Log output configuration:
 #0: stdout all=warning uptime,level,tags
 #1: stderr all=off uptime,level,tags

Environment Variables:
PATH=C:\Users\gasto\.p2\pool\plugins\org.eclipse.justj.openjdk.hotspot.jre.full.win32.x86_64_15.0.2.v20210201-0955\jre\bin;C:/Users/gasto/.p2/pool/plugins/org.eclipse.justj.openjdk.hotspot.jre.full.win32.x86_64_15.0.2.v20210201-0955/jre/bin/server;C:/Users/gasto/.p2/pool/plugins/org.eclipse.justj.openjdk.hotspot.jre.full.win32.x86_64_15.0.2.v20210201-0955/jre/bin;C:\Program Files (x86)\Common Files\Oracle\Java\javapath;C:\WINDOWS\system32;C:\WINDOWS;C:\WINDOWS\System32\Wbem;C:\WINDOWS\System32\WindowsPowerShell\v1.0\;C:\WINDOWS\System32\OpenSSH\;D:\Programacion\nvm;C:\Program Files\nodejs;D:\Programacion\Git\cmd;C:\Program Files\dotnet\;D:\Aplicaciones programacion\;C:\Program Files\Java\jdk1.8.0_291\bin;C:\Program Files\MySQL\MySQL Shell 8.0\bin\;C:\Users\gasto\AppData\Local\Microsoft\WindowsApps;D:\Programacion\Microsoft VS Code\bin;D:\Programacion\nvm;C:\Program Files\nodejs;C:\Users\gasto\.dotnet\tools;C:\Users\gasto\AppData\Roaming\npm;C:\Program Files\Java\apache-maven-3.8.1\bin;;C:\WINDOWS\System32;
USERNAME=gasto
OS=Windows_NT
PROCESSOR_IDENTIFIER=AMD64 Family 23 Model 8 Stepping 2, AuthenticAMD



---------------  S Y S T E M  ---------------

OS:
 Windows 10 , 64 bit Build 19041 (10.0.19041.1023)
OS uptime: 4 days 16:46 hours

CPU: total 12 (initial active 12) (12 cores per cpu, 2 threads per core) family 23 model 8 stepping 2 microcode 0x0, cmov, cx8, fxsr, mmx, sse, sse2, sse3, ssse3, sse4.1, sse4.2, popcnt, vzeroupper, avx, avx2, aes, clmul, 3dnowpref, lzcnt, sse4a, ht, tsc, tscinvbit, tscinv, bmi1, bmi2, adx, sha, fma, clflush, clflushopt

Memory: 4k page, system-wide physical 16334M (8869M free)
TotalPageFile size 29646M (AvailPageFile size 16420M)
current process WorkingSet (physical memory assigned to process): 112M, peak: 155M
current process commit charge ("private bytes"): 156M, peak: 414M

vm_info: OpenJDK 64-Bit Server VM (15.0.2+7-27) for windows-amd64 JRE (15.0.2+7-27), built on Dec  7 2020 20:02:38 by "mach5one" with unknown MS VC++:1925

END.
